# JRE version: Java(TM) SE Runtime Environment (8.0_40-b26) (build 1.8.0_40-b26)
# Java VM: Java HotSpot(TM) 64-Bit Server VM (25.40-b25 mixed mode windows-amd64 compressed oops)
Heap:
 PSYoungGen      total 266240K, used 132598K [0x00000000ef580000, 0x0000000100000000, 0x0000000100000000)
  eden space 259584K, 49% used [0x00000000ef580000,0x00000000f72c03d8,0x00000000ff300000)
  from space 6656K, 65% used [0x00000000ff300000,0x00000000ff73d6a0,0x00000000ff980000)
  to   space 6656K, 0% used [0x00000000ff980000,0x00000000ff980000,0x0000000100000000)
 ParOldGen       total 237056K, used 156006K [0x00000000ce000000, 0x00000000dc780000, 0x00000000ef580000)
  object space 237056K, 65% used [0x00000000ce000000,0x00000000d78599a0,0x00000000dc780000)
 Metaspace       used 44048K, capacity 44345K, committed 44928K, reserved 1089536K
  class space    used 5059K, capacity 5151K, committed 5248K, reserved 1048576K
GC Heap History (10 events):
Event: 1839.230 GC heap before
{Heap before GC invocations=530 (full 10):
 PSYoungGen      total 263168K, used 255808K [0x00000000ef580000, 0x00000000fff00000, 0x0000000100000000)
  eden space 253952K, 100% used [0x00000000ef580000,0x00000000fed80000,0x00000000fed80000)
  from space 9216K, 20% used [0x00000000fed80000,0x00000000fef50000,0x00000000ff680000)
  to   space 8704K, 0% used [0x00000000ff680000,0x00000000ff680000,0x00000000fff00000)
 ParOldGen       total 237056K, used 155611K [0x00000000ce000000, 0x00000000dc780000, 0x00000000ef580000)
  object space 237056K, 65% used [0x00000000ce000000,0x00000000d77f6ea8,0x00000000dc780000)
 Metaspace       used 44045K, capacity 44345K, committed 44928K, reserved 1089536K
  class space    used 5059K, capacity 5151K, committed 5248K, reserved 1048576K
Event: 1839.238 GC heap after
Heap after GC invocations=530 (full 10):
 PSYoungGen      total 263168K, used 1728K [0x00000000ef580000, 0x00000000ffe80000, 0x0000000100000000)
  eden space 254976K, 0% used [0x00000000ef580000,0x00000000ef580000,0x00000000fee80000)
  from space 8192K, 21% used [0x00000000ff680000,0x00000000ff830000,0x00000000ffe80000)
  to   space 8192K, 0% used [0x00000000fee80000,0x00000000fee80000,0x00000000ff680000)
 ParOldGen       total 237056K, used 155611K [0x00000000ce000000, 0x00000000dc780000, 0x00000000ef580000)
  object space 237056K, 65% used [0x00000000ce000000,0x00000000d77f6ea8,0x00000000dc780000)
 Metaspace       used 44045K, capacity 44345K, committed 44928K, reserved 1089536K
  class space    used 5059K, capacity 5151K, committed 5248K, reserved 1048576K
}
Event: 1844.273 GC heap before
{Heap before GC invocations=531 (full 10):
 PSYoungGen      total 263168K, used 256704K [0x00000000ef580000, 0x00000000ffe80000, 0x0000000100000000)
  eden space 254976K, 100% used [0x00000000ef580000,0x00000000fee80000,0x00000000fee80000)
  from space 8192K, 21% used [0x00000000ff680000,0x00000000ff830000,0x00000000ffe80000)
  to   space 8192K, 0% used [0x00000000fee80000,0x00000000fee80000,0x00000000ff680000)
 ParOldGen       total 237056K, used 155611K [0x00000000ce000000, 0x00000000dc780000, 0x00000000ef580000)
  object space 237056K, 65% used [0x00000000ce000000,0x00000000d77f6ea8,0x00000000dc780000)
 Metaspace       used 44045K, capacity 44345K, committed 44928K, reserved 1089536K
  class space    used 5059K, capacity 5151K, committed 5248K, reserved 1048576K
Event: 1844.280 GC heap after
Heap after GC invocations=531 (full 10):
 PSYoungGen      total 263168K, used 1696K [0x00000000ef580000, 0x0000000100000000, 0x0000000100000000)
  eden space 254976K, 0% used [0x00000000ef580000,0x00000000ef580000,0x00000000fee80000)
  from space 8192K, 20% used [0x00000000fee80000,0x00000000ff028000,0x00000000ff680000)
  to   space 8192K, 0% used [0x00000000ff800000,0x00000000ff800000,0x0000000100000000)
 ParOldGen       total 237056K, used 155611K [0x00000000ce000000, 0x00000000dc780000, 0x00000000ef580000)
  object space 237056K, 65% used [0x00000000ce000000,0x00000000d77f6ea8,0x00000000dc780000)
 Metaspace       used 44045K, capacity 44345K, committed 44928K, reserved 1089536K
  class space    used 5059K, capacity 5151K, committed 5248K, reserved 1048576K
}
Event: 1849.221 GC heap before
{Heap before GC invocations=532 (full 10):
 PSYoungGen      total 263168K, used 256672K [0x00000000ef580000, 0x0000000100000000, 0x0000000100000000)
  eden space 254976K, 100% used [0x00000000ef580000,0x00000000fee80000,0x00000000fee80000)
  from space 8192K, 20% used [0x00000000fee80000,0x00000000ff028000,0x00000000ff680000)
  to   space 8192K, 0% used [0x00000000ff800000,0x00000000ff800000,0x0000000100000000)
 ParOldGen       total 237056K, used 155611K [0x00000000ce000000, 0x00000000dc780000, 0x00000000ef580000)
  object space 237056K, 65% used [0x00000000ce000000,0x00000000d77f6ea8,0x00000000dc780000)
 Metaspace       used 44045K, capacity 44345K, committed 44928K, reserved 1089536K
  class space    used 5059K, capacity 5151K, committed 5248K, reserved 1048576K
Event: 1849.228 GC heap after
Heap after GC invocations=532 (full 10):
 PSYoungGen      total 263680K, used 1696K [0x00000000ef580000, 0x00000000fff00000, 0x0000000100000000)
  eden space 256512K, 0% used [0x00000000ef580000,0x00000000ef580000,0x00000000ff000000)
  from space 7168K, 23% used [0x00000000ff800000,0x00000000ff9a8000,0x00000000fff00000)
  to   space 7680K, 0% used [0x00000000ff000000,0x00000000ff000000,0x00000000ff780000)
 ParOldGen       total 237056K, used 155639K [0x00000000ce000000, 0x00000000dc780000, 0x00000000ef580000)
  object space 237056K, 65% used [0x00000000ce000000,0x00000000d77fdeb8,0x00000000dc780000)
 Metaspace       used 44045K, capacity 44345K, committed 44928K, reserved 1089536K
  class space    used 5059K, capacity 5151K, committed 5248K, reserved 1048576K
}
Event: 1851.703 GC heap before
{Heap before GC invocations=533 (full 10):
 PSYoungGen      total 263680K, used 258208K [0x00000000ef580000, 0x00000000fff00000, 0x0000000100000000)
  eden space 256512K, 100% used [0x00000000ef580000,0x00000000ff000000,0x00000000ff000000)
  from space 7168K, 23% used [0x00000000ff800000,0x00000000ff9a8000,0x00000000fff00000)
  to   space 7680K, 0% used [0x00000000ff000000,0x00000000ff000000,0x00000000ff780000)
 ParOldGen       total 237056K, used 155640K [0x00000000ce000000, 0x00000000dc780000, 0x00000000ef580000)
  object space 237056K, 65% used [0x00000000ce000000,0x00000000d77fe188,0x00000000dc780000)
 Metaspace       used 44045K, capacity 44345K, committed 44928K, reserved 1089536K
  class space    used 5059K, capacity 5151K, committed 5248K, reserved 1048576K
Event: 1851.835 GC heap after
Heap after GC invocations=533 (full 10):
 PSYoungGen      total 264192K, used 1632K [0x00000000ef580000, 0x0000000100000000, 0x0000000100000000)
  eden space 256512K, 0% used [0x00000000ef580000,0x00000000ef580000,0x00000000ff000000)
  from space 7680K, 21% used [0x00000000ff000000,0x00000000ff198000,0x00000000ff780000)
  to   space 7680K, 0% used [0x00000000ff880000,0x00000000ff880000,0x0000000100000000)
 ParOldGen       total 237056K, used 155656K [0x00000000ce000000, 0x00000000dc780000, 0x00000000ef580000)
  object space 237056K, 65% used [0x00000000ce000000,0x00000000d7802188,0x00000000dc780000)
 Metaspace       used 44045K, capacity 44345K, committed 44928K, reserved 1089536K
  class space    used 5059K, capacity 5151K, committed 5248K, reserved 1048576K
}
Event: 1854.036 GC heap before
{Heap before GC invocations=534 (full 10):
 PSYoungGen      total 264192K, used 258144K [0x00000000ef580000, 0x0000000100000000, 0x0000000100000000)
  eden space 256512K, 100% used [0x00000000ef580000,0x00000000ff000000,0x00000000ff000000)
  from space 7680K, 21% used [0x00000000ff000000,0x00000000ff198000,0x00000000ff780000)
  to   space 7680K, 0% used [0x00000000ff880000,0x00000000ff880000,0x0000000100000000)
 ParOldGen       total 237056K, used 155658K [0x00000000ce000000, 0x00000000dc780000, 0x00000000ef580000)
  object space 237056K, 65% used [0x00000000ce000000,0x00000000d7802910,0x00000000dc780000)
 Metaspace       used 44046K, capacity 44345K, committed 44928K, reserved 1089536K
  class space    used 5059K, capacity 5151K, committed 5248K, reserved 1048576K
Event: 1854.045 GC heap after
Heap after GC invocations=534 (full 10):
 PSYoungGen      total 264192K, used 2240K [0x00000000ef580000, 0x00000000fff00000, 0x0000000100000000)
  eden space 257536K, 0% used [0x00000000ef580000,0x00000000ef580000,0x00000000ff100000)
  from space 6656K, 33% used [0x00000000ff880000,0x00000000ffab0000,0x00000000fff00000)
  to   space 7168K, 0% used [0x00000000ff100000,0x00000000ff100000,0x00000000ff800000)
 ParOldGen       total 237056K, used 155686K [0x00000000ce000000, 0x00000000dc780000, 0x00000000ef580000)
  object space 237056K, 65% used [0x00000000ce000000,0x00000000d7809920,0x00000000dc780000)
 Metaspace       used 44046K, capacity 44345K, committed 44928K, reserved 1089536K
  class space    used 5059K, capacity 5151K, committed 5248K, reserved 1048576K
}

