# JRE version: Java(TM) SE Runtime Environment (8.0_40-b26) (build 1.8.0_40-b26)
# Java VM: Java HotSpot(TM) 64-Bit Server VM (25.40-b25 mixed mode windows-amd64 compressed oops)
Heap:
 PSYoungGen      total 533504K, used 282840K [0x00000000d5580000, 0x00000000fcf80000, 0x0000000100000000)
  eden space 472064K, 59% used [0x00000000d5580000,0x00000000e69b62e0,0x00000000f2280000)
  from space 61440K, 0% used [0x00000000f2280000,0x00000000f2280000,0x00000000f5e80000)
  to   space 62464K, 0% used [0x00000000f9280000,0x00000000f9280000,0x00000000fcf80000)
 ParOldGen       total 177152K, used 176983K [0x0000000080000000, 0x000000008ad00000, 0x00000000d5580000)
  object space 177152K, 99% used [0x0000000080000000,0x000000008acd5fe8,0x000000008ad00000)
 Metaspace       used 64732K, capacity 65167K, committed 65792K, reserved 1105920K
  class space    used 8478K, capacity 8623K, committed 8704K, reserved 1048576K
GC Heap History (10 events):
Event: 652.260 GC heap before
{Heap before GC invocations=81 (full 36):
 PSYoungGen      total 533504K, used 472064K [0x00000000d5580000, 0x00000000fcf80000, 0x0000000100000000)
  eden space 472064K, 100% used [0x00000000d5580000,0x00000000f2280000,0x00000000f2280000)
  from space 61440K, 0% used [0x00000000f2280000,0x00000000f2280000,0x00000000f5e80000)
  to   space 62464K, 0% used [0x00000000f9280000,0x00000000f9280000,0x00000000fcf80000)
 ParOldGen       total 177152K, used 177027K [0x0000000080000000, 0x000000008ad00000, 0x00000000d5580000)
  object space 177152K, 99% used [0x0000000080000000,0x000000008ace0c98,0x000000008ad00000)
 Metaspace       used 64357K, capacity 64815K, committed 65280K, reserved 1105920K
  class space    used 8454K, capacity 8591K, committed 8704K, reserved 1048576K
Event: 653.094 GC heap after
Heap after GC invocations=81 (full 36):
 PSYoungGen      total 533504K, used 18922K [0x00000000d5580000, 0x00000000fcf80000, 0x0000000100000000)
  eden space 472064K, 4% used [0x00000000d5580000,0x00000000d67fab50,0x00000000f2280000)
  from space 61440K, 0% used [0x00000000f2280000,0x00000000f2280000,0x00000000f5e80000)
  to   space 62464K, 0% used [0x00000000f9280000,0x00000000f9280000,0x00000000fcf80000)
 ParOldGen       total 177152K, used 177027K [0x0000000080000000, 0x000000008ad00000, 0x00000000d5580000)
  object space 177152K, 99% used [0x0000000080000000,0x000000008ace0c98,0x000000008ad00000)
 Metaspace       used 64357K, capacity 64815K, committed 65280K, reserved 1105920K
  class space    used 8454K, capacity 8591K, committed 8704K, reserved 1048576K
}
Event: 655.196 GC heap before
{Heap before GC invocations=82 (full 37):
 PSYoungGen      total 533504K, used 472064K [0x00000000d5580000, 0x00000000fcf80000, 0x0000000100000000)
  eden space 472064K, 100% used [0x00000000d5580000,0x00000000f2280000,0x00000000f2280000)
  from space 61440K, 0% used [0x00000000f2280000,0x00000000f2280000,0x00000000f5e80000)
  to   space 62464K, 0% used [0x00000000f9280000,0x00000000f9280000,0x00000000fcf80000)
 ParOldGen       total 177152K, used 177027K [0x0000000080000000, 0x000000008ad00000, 0x00000000d5580000)
  object space 177152K, 99% used [0x0000000080000000,0x000000008ace0c98,0x000000008ad00000)
 Metaspace       used 64359K, capacity 64815K, committed 65280K, reserved 1105920K
  class space    used 8454K, capacity 8591K, committed 8704K, reserved 1048576K
Event: 656.096 GC heap after
Heap after GC invocations=82 (full 37):
 PSYoungGen      total 533504K, used 19094K [0x00000000d5580000, 0x00000000fcf80000, 0x0000000100000000)
  eden space 472064K, 4% used [0x00000000d5580000,0x00000000d6825878,0x00000000f2280000)
  from space 61440K, 0% used [0x00000000f2280000,0x00000000f2280000,0x00000000f5e80000)
  to   space 62464K, 0% used [0x00000000f9280000,0x00000000f9280000,0x00000000fcf80000)
 ParOldGen       total 177152K, used 177001K [0x0000000080000000, 0x000000008ad00000, 0x00000000d5580000)
  object space 177152K, 99% used [0x0000000080000000,0x000000008acda660,0x000000008ad00000)
 Metaspace       used 64359K, capacity 64815K, committed 65280K, reserved 1105920K
  class space    used 8454K, capacity 8591K, committed 8704K, reserved 1048576K
}
Event: 658.265 GC heap before
{Heap before GC invocations=83 (full 38):
 PSYoungGen      total 533504K, used 472064K [0x00000000d5580000, 0x00000000fcf80000, 0x0000000100000000)
  eden space 472064K, 100% used [0x00000000d5580000,0x00000000f2280000,0x00000000f2280000)
  from space 61440K, 0% used [0x00000000f2280000,0x00000000f2280000,0x00000000f5e80000)
  to   space 62464K, 0% used [0x00000000f9280000,0x00000000f9280000,0x00000000fcf80000)
 ParOldGen       total 177152K, used 177001K [0x0000000080000000, 0x000000008ad00000, 0x00000000d5580000)
  object space 177152K, 99% used [0x0000000080000000,0x000000008acda660,0x000000008ad00000)
 Metaspace       used 64367K, capacity 64815K, committed 65280K, reserved 1105920K
  class space    used 8455K, capacity 8591K, committed 8704K, reserved 1048576K
Event: 659.181 GC heap after
Heap after GC invocations=83 (full 38):
 PSYoungGen      total 533504K, used 19393K [0x00000000d5580000, 0x00000000fcf80000, 0x0000000100000000)
  eden space 472064K, 4% used [0x00000000d5580000,0x00000000d6870570,0x00000000f2280000)
  from space 61440K, 0% used [0x00000000f2280000,0x00000000f2280000,0x00000000f5e80000)
  to   space 62464K, 0% used [0x00000000f9280000,0x00000000f9280000,0x00000000fcf80000)
 ParOldGen       total 177152K, used 176988K [0x0000000080000000, 0x000000008ad00000, 0x00000000d5580000)
  object space 177152K, 99% used [0x0000000080000000,0x000000008acd71c0,0x000000008ad00000)
 Metaspace       used 64367K, capacity 64815K, committed 65280K, reserved 1105920K
  class space    used 8455K, capacity 8591K, committed 8704K, reserved 1048576K
}
Event: 661.292 GC heap before
{Heap before GC invocations=84 (full 39):
 PSYoungGen      total 533504K, used 472064K [0x00000000d5580000, 0x00000000fcf80000, 0x0000000100000000)
  eden space 472064K, 100% used [0x00000000d5580000,0x00000000f2280000,0x00000000f2280000)
  from space 61440K, 0% used [0x00000000f2280000,0x00000000f2280000,0x00000000f5e80000)
  to   space 62464K, 0% used [0x00000000f9280000,0x00000000f9280000,0x00000000fcf80000)
 ParOldGen       total 177152K, used 176988K [0x0000000080000000, 0x000000008ad00000, 0x00000000d5580000)
  object space 177152K, 99% used [0x0000000080000000,0x000000008acd71c0,0x000000008ad00000)
 Metaspace       used 64523K, capacity 64943K, committed 65536K, reserved 1105920K
  class space    used 8467K, capacity 8591K, committed 8704K, reserved 1048576K
Event: 662.260 GC heap after
Heap after GC invocations=84 (full 39):
 PSYoungGen      total 533504K, used 19417K [0x00000000d5580000, 0x00000000fcf80000, 0x0000000100000000)
  eden space 472064K, 4% used [0x00000000d5580000,0x00000000d6876428,0x00000000f2280000)
  from space 61440K, 0% used [0x00000000f2280000,0x00000000f2280000,0x00000000f5e80000)
  to   space 62464K, 0% used [0x00000000f9280000,0x00000000f9280000,0x00000000fcf80000)
 ParOldGen       total 177152K, used 176985K [0x0000000080000000, 0x000000008ad00000, 0x00000000d5580000)
  object space 177152K, 99% used [0x0000000080000000,0x000000008acd6570,0x000000008ad00000)
 Metaspace       used 64523K, capacity 64943K, committed 65536K, reserved 1105920K
  class space    used 8467K, capacity 8591K, committed 8704K, reserved 1048576K
}
Event: 665.558 GC heap before
{Heap before GC invocations=85 (full 40):
 PSYoungGen      total 533504K, used 472064K [0x00000000d5580000, 0x00000000fcf80000, 0x0000000100000000)
  eden space 472064K, 100% used [0x00000000d5580000,0x00000000f2280000,0x00000000f2280000)
  from space 61440K, 0% used [0x00000000f2280000,0x00000000f2280000,0x00000000f5e80000)
  to   space 62464K, 0% used [0x00000000f9280000,0x00000000f9280000,0x00000000fcf80000)
 ParOldGen       total 177152K, used 176985K [0x0000000080000000, 0x000000008ad00000, 0x00000000d5580000)
  object space 177152K, 99% used [0x0000000080000000,0x000000008acd6570,0x000000008ad00000)
 Metaspace       used 64671K, capacity 65103K, committed 65536K, reserved 1105920K
  class space    used 8469K, capacity 8623K, committed 8704K, reserved 1048576K
Event: 666.994 GC heap after
Heap after GC invocations=85 (full 40):
 PSYoungGen      total 533504K, used 21651K [0x00000000d5580000, 0x00000000fcf80000, 0x0000000100000000)
  eden space 472064K, 4% used [0x00000000d5580000,0x00000000d6aa4e90,0x00000000f2280000)
  from space 61440K, 0% used [0x00000000f2280000,0x00000000f2280000,0x00000000f5e80000)
  to   space 62464K, 0% used [0x00000000f9280000,0x00000000f9280000,0x00000000fcf80000)
 ParOldGen       total 177152K, used 176983K [0x0000000080000000, 0x000000008ad00000, 0x00000000d5580000)
  object space 177152K, 99% used [0x0000000080000000,0x000000008acd5fe8,0x000000008ad00000)
 Metaspace       used 64671K, capacity 65103K, committed 65536K, reserved 1105920K
  class space    used 8469K, capacity 8623K, committed 8704K, reserved 1048576K
}

