# JRE version: Java(TM) SE Runtime Environment (8.0_40-b26) (build 1.8.0_40-b26)
# Java VM: Java HotSpot(TM) 64-Bit Server VM (25.40-b25 mixed mode windows-amd64 compressed oops)
Heap:
 PSYoungGen      total 206336K, used 138527K [0x00000000ef580000, 0x0000000100000000, 0x0000000100000000)
  eden space 168448K, 59% used [0x00000000ef580000,0x00000000f57f90a0,0x00000000f9a00000)
  from space 37888K, 99% used [0x00000000f9a00000,0x00000000fbecee88,0x00000000fbf00000)
  to   space 55296K, 0% used [0x00000000fca00000,0x00000000fca00000,0x0000000100000000)
 ParOldGen       total 148992K, used 123703K [0x00000000ce000000, 0x00000000d7180000, 0x00000000ef580000)
  object space 148992K, 83% used [0x00000000ce000000,0x00000000d58cddd8,0x00000000d7180000)
 Metaspace       used 54834K, capacity 55299K, committed 55936K, reserved 1097728K
  class space    used 7550K, capacity 7703K, committed 7808K, reserved 1048576K
GC Heap History (10 events):
Event: 95.265 GC heap before
{Heap before GC invocations=32 (full 5):
 PSYoungGen      total 235008K, used 221789K [0x00000000ef580000, 0x0000000100000000, 0x0000000100000000)
  eden space 201728K, 100% used [0x00000000ef580000,0x00000000fba80000,0x00000000fba80000)
  from space 33280K, 60% used [0x00000000fdb80000,0x00000000fef176e8,0x00000000ffc00000)
  to   space 33792K, 0% used [0x00000000fba80000,0x00000000fba80000,0x00000000fdb80000)
 ParOldGen       total 148992K, used 123679K [0x00000000ce000000, 0x00000000d7180000, 0x00000000ef580000)
  object space 148992K, 83% used [0x00000000ce000000,0x00000000d58c7dd8,0x00000000d7180000)
 Metaspace       used 50096K, capacity 50451K, committed 50944K, reserved 1093632K
  class space    used 6969K, capacity 7116K, committed 7168K, reserved 1048576K
Event: 95.335 GC heap after
Heap after GC invocations=32 (full 5):
 PSYoungGen      total 235520K, used 26789K [0x00000000ef580000, 0x0000000100000000, 0x0000000100000000)
  eden space 201728K, 0% used [0x00000000ef580000,0x00000000ef580000,0x00000000fba80000)
  from space 33792K, 79% used [0x00000000fba80000,0x00000000fd4a9770,0x00000000fdb80000)
  to   space 36352K, 0% used [0x00000000fdc80000,0x00000000fdc80000,0x0000000100000000)
 ParOldGen       total 148992K, used 123679K [0x00000000ce000000, 0x00000000d7180000, 0x00000000ef580000)
  object space 148992K, 83% used [0x00000000ce000000,0x00000000d58c7dd8,0x00000000d7180000)
 Metaspace       used 50096K, capacity 50451K, committed 50944K, reserved 1093632K
  class space    used 6969K, capacity 7116K, committed 7168K, reserved 1048576K
}
Event: 96.802 GC heap before
{Heap before GC invocations=33 (full 5):
 PSYoungGen      total 235520K, used 228517K [0x00000000ef580000, 0x0000000100000000, 0x0000000100000000)
  eden space 201728K, 100% used [0x00000000ef580000,0x00000000fba80000,0x00000000fba80000)
  from space 33792K, 79% used [0x00000000fba80000,0x00000000fd4a9770,0x00000000fdb80000)
  to   space 36352K, 0% used [0x00000000fdc80000,0x00000000fdc80000,0x0000000100000000)
 ParOldGen       total 148992K, used 123679K [0x00000000ce000000, 0x00000000d7180000, 0x00000000ef580000)
  object space 148992K, 83% used [0x00000000ce000000,0x00000000d58c7dd8,0x00000000d7180000)
 Metaspace       used 50718K, capacity 51059K, committed 51456K, reserved 1093632K
  class space    used 7028K, capacity 7148K, committed 7168K, reserved 1048576K
Event: 96.942 GC heap after
Heap after GC invocations=33 (full 5):
 PSYoungGen      total 226304K, used 35350K [0x00000000ef580000, 0x0000000100000000, 0x0000000100000000)
  eden space 189952K, 0% used [0x00000000ef580000,0x00000000ef580000,0x00000000faf00000)
  from space 36352K, 97% used [0x00000000fdc80000,0x00000000fff05b80,0x0000000100000000)
  to   space 41472K, 0% used [0x00000000faf00000,0x00000000faf00000,0x00000000fd780000)
 ParOldGen       total 148992K, used 123687K [0x00000000ce000000, 0x00000000d7180000, 0x00000000ef580000)
  object space 148992K, 83% used [0x00000000ce000000,0x00000000d58c9dd8,0x00000000d7180000)
 Metaspace       used 50718K, capacity 51059K, committed 51456K, reserved 1093632K
  class space    used 7028K, capacity 7148K, committed 7168K, reserved 1048576K
}
Event: 98.785 GC heap before
{Heap before GC invocations=34 (full 5):
 PSYoungGen      total 226304K, used 225302K [0x00000000ef580000, 0x0000000100000000, 0x0000000100000000)
  eden space 189952K, 100% used [0x00000000ef580000,0x00000000faf00000,0x00000000faf00000)
  from space 36352K, 97% used [0x00000000fdc80000,0x00000000fff05b80,0x0000000100000000)
  to   space 41472K, 0% used [0x00000000faf00000,0x00000000faf00000,0x00000000fd780000)
 ParOldGen       total 148992K, used 123687K [0x00000000ce000000, 0x00000000d7180000, 0x00000000ef580000)
  object space 148992K, 83% used [0x00000000ce000000,0x00000000d58c9dd8,0x00000000d7180000)
 Metaspace       used 52145K, capacity 52447K, committed 52736K, reserved 1095680K
  class space    used 7257K, capacity 7375K, committed 7424K, reserved 1048576K
Event: 98.879 GC heap after
Heap after GC invocations=34 (full 5):
 PSYoungGen      total 229888K, used 39796K [0x00000000ef580000, 0x0000000100000000, 0x0000000100000000)
  eden space 189952K, 0% used [0x00000000ef580000,0x00000000ef580000,0x00000000faf00000)
  from space 39936K, 99% used [0x00000000faf00000,0x00000000fd5dd0a8,0x00000000fd600000)
  to   space 43008K, 0% used [0x00000000fd600000,0x00000000fd600000,0x0000000100000000)
 ParOldGen       total 148992K, used 123687K [0x00000000ce000000, 0x00000000d7180000, 0x00000000ef580000)
  object space 148992K, 83% used [0x00000000ce000000,0x00000000d58c9dd8,0x00000000d7180000)
 Metaspace       used 52145K, capacity 52447K, committed 52736K, reserved 1095680K
  class space    used 7257K, capacity 7375K, committed 7424K, reserved 1048576K
}
Event: 102.607 GC heap before
{Heap before GC invocations=35 (full 5):
 PSYoungGen      total 229888K, used 229748K [0x00000000ef580000, 0x0000000100000000, 0x0000000100000000)
  eden space 189952K, 100% used [0x00000000ef580000,0x00000000faf00000,0x00000000faf00000)
  from space 39936K, 99% used [0x00000000faf00000,0x00000000fd5dd0a8,0x00000000fd600000)
  to   space 43008K, 0% used [0x00000000fd600000,0x00000000fd600000,0x0000000100000000)
 ParOldGen       total 148992K, used 123687K [0x00000000ce000000, 0x00000000d7180000, 0x00000000ef580000)
  object space 148992K, 83% used [0x00000000ce000000,0x00000000d58c9dd8,0x00000000d7180000)
 Metaspace       used 54807K, capacity 55171K, committed 55680K, reserved 1097728K
  class space    used 7549K, capacity 7703K, committed 7808K, reserved 1048576K
Event: 102.747 GC heap after
Heap after GC invocations=35 (full 5):
 PSYoungGen      total 211456K, used 40946K [0x00000000ef580000, 0x0000000100000000, 0x0000000100000000)
  eden space 168448K, 0% used [0x00000000ef580000,0x00000000ef580000,0x00000000f9a00000)
  from space 43008K, 95% used [0x00000000fd600000,0x00000000ffdfca80,0x0000000100000000)
  to   space 52224K, 0% used [0x00000000f9a00000,0x00000000f9a00000,0x00000000fcd00000)
 ParOldGen       total 148992K, used 123695K [0x00000000ce000000, 0x00000000d7180000, 0x00000000ef580000)
  object space 148992K, 83% used [0x00000000ce000000,0x00000000d58cbdd8,0x00000000d7180000)
 Metaspace       used 54807K, capacity 55171K, committed 55680K, reserved 1097728K
  class space    used 7549K, capacity 7703K, committed 7808K, reserved 1048576K
}
Event: 134.251 GC heap before
{Heap before GC invocations=36 (full 5):
 PSYoungGen      total 211456K, used 209394K [0x00000000ef580000, 0x0000000100000000, 0x0000000100000000)
  eden space 168448K, 100% used [0x00000000ef580000,0x00000000f9a00000,0x00000000f9a00000)
  from space 43008K, 95% used [0x00000000fd600000,0x00000000ffdfca80,0x0000000100000000)
  to   space 52224K, 0% used [0x00000000f9a00000,0x00000000f9a00000,0x00000000fcd00000)
 ParOldGen       total 148992K, used 123695K [0x00000000ce000000, 0x00000000d7180000, 0x00000000ef580000)
  object space 148992K, 83% used [0x00000000ce000000,0x00000000d58cbdd8,0x00000000d7180000)
 Metaspace       used 54834K, capacity 55299K, committed 55936K, reserved 1097728K
  class space    used 7550K, capacity 7703K, committed 7808K, reserved 1048576K
Event: 134.342 GC heap after
Heap after GC invocations=36 (full 5):
 PSYoungGen      total 206336K, used 37691K [0x00000000ef580000, 0x0000000100000000, 0x0000000100000000)
  eden space 168448K, 0% used [0x00000000ef580000,0x00000000ef580000,0x00000000f9a00000)
  from space 37888K, 99% used [0x00000000f9a00000,0x00000000fbecee88,0x00000000fbf00000)
  to   space 55296K, 0% used [0x00000000fca00000,0x00000000fca00000,0x0000000100000000)
 ParOldGen       total 148992K, used 123703K [0x00000000ce000000, 0x00000000d7180000, 0x00000000ef580000)
  object space 148992K, 83% used [0x00000000ce000000,0x00000000d58cddd8,0x00000000d7180000)
 Metaspace       used 54834K, capacity 55299K, committed 55936K, reserved 1097728K
  class space    used 7550K, capacity 7703K, committed 7808K, reserved 1048576K
}

